<?xml version="1.0" encoding="UTF-8"?>
<testng-results skipped="0" failed="0" ignored="0" total="2" passed="2">
  <reporter-output>
  </reporter-output>
  <suite name="Twitter Automation Script " duration-ms="8191" started-at="2019-03-24T22:03:59Z" finished-at="2019-03-24T22:04:08Z">
    <groups>
    </groups>
    <test name="Twitter Runner" duration-ms="8191" started-at="2019-03-24T22:03:59Z" finished-at="2019-03-24T22:04:08Z">
      <class name="TestTwitter">
        <test-method status="PASS" signature="setUp(boolean, java.lang.String, java.lang.String, java.lang.String, java.lang.String, java.lang.String, java.lang.String)[pri:0, instance:TestTwitter@61dc03ce]" name="setUp" is-config="true" duration-ms="2881" started-at="2019-03-24T22:03:59Z" finished-at="2019-03-24T22:04:02Z">
          <params>
            <param index="0">
              <value>
                <![CDATA[false]]>
              </value>
            </param>
            <param index="1">
              <value>
                <![CDATA[browserstack]]>
              </value>
            </param>
            <param index="2">
              <value>
                <![CDATA[OS X]]>
              </value>
            </param>
            <param index="3">
              <value>
                <![CDATA[Sierra]]>
              </value>
            </param>
            <param index="4">
              <value>
                <![CDATA[chrome]]>
              </value>
            </param>
            <param index="5">
              <value>
                <![CDATA[73.0]]>
              </value>
            </param>
            <param index="6">
              <value>
                <![CDATA[https://twitter.com/]]>
              </value>
            </param>
          </params>
          <reporter-output>
          </reporter-output>
        </test-method> <!-- setUp -->
        <test-method status="PASS" signature="runGetTitle()[pri:0, instance:TestTwitter@61dc03ce]" name="runGetTitle" duration-ms="11" started-at="2019-03-24T22:04:02Z" finished-at="2019-03-24T22:04:02Z">
          <reporter-output>
          </reporter-output>
        </test-method> <!-- runGetTitle -->
        <test-method status="PASS" signature="cleanUp()[pri:0, instance:TestTwitter@61dc03ce]" name="cleanUp" is-config="true" duration-ms="133" started-at="2019-03-24T22:04:02Z" finished-at="2019-03-24T22:04:02Z">
          <reporter-output>
          </reporter-output>
        </test-method> <!-- cleanUp -->
        <test-method status="PASS" signature="setUp(boolean, java.lang.String, java.lang.String, java.lang.String, java.lang.String, java.lang.String, java.lang.String)[pri:0, instance:TestTwitter@61dc03ce]" name="setUp" is-config="true" duration-ms="2700" started-at="2019-03-24T22:04:02Z" finished-at="2019-03-24T22:04:05Z">
          <params>
            <param index="0">
              <value>
                <![CDATA[false]]>
              </value>
            </param>
            <param index="1">
              <value>
                <![CDATA[browserstack]]>
              </value>
            </param>
            <param index="2">
              <value>
                <![CDATA[OS X]]>
              </value>
            </param>
            <param index="3">
              <value>
                <![CDATA[Sierra]]>
              </value>
            </param>
            <param index="4">
              <value>
                <![CDATA[chrome]]>
              </value>
            </param>
            <param index="5">
              <value>
                <![CDATA[73.0]]>
              </value>
            </param>
            <param index="6">
              <value>
                <![CDATA[https://twitter.com/]]>
              </value>
            </param>
          </params>
          <reporter-output>
          </reporter-output>
        </test-method> <!-- setUp -->
        <test-method status="PASS" signature="runLogUp()[pri:0, instance:TestTwitter@61dc03ce]" name="runLogUp" duration-ms="2294" started-at="2019-03-24T22:04:05Z" finished-at="2019-03-24T22:04:07Z">
          <reporter-output>
          </reporter-output>
        </test-method> <!-- runLogUp -->
        <test-method status="PASS" signature="cleanUp()[pri:0, instance:TestTwitter@61dc03ce]" name="cleanUp" is-config="true" duration-ms="149" started-at="2019-03-24T22:04:07Z" finished-at="2019-03-24T22:04:08Z">
          <reporter-output>
          </reporter-output>
        </test-method> <!-- cleanUp -->
      </class> <!-- TestTwitter -->
    </test> <!-- Twitter Runner -->
  </suite> <!-- Twitter Automation Script  -->
</testng-results>
